<?xml version="1.0" encoding="UTF-8"?>
<!-- Generated by org.testng.reporters.JUnitReportReporter -->
<testsuite hostname="PRINHYLTPDL0519" name="TestNGAssertions" tests="3" failures="0" timestamp="19 Jan 2018 09:41:22 GMT" time="0.015" errors="0">
  <testcase name="testAssert2" time="0.000" classname="TestNGAssertions"/>
  <testcase name="testAssert1" time="0.004" classname="TestNGAssertions"/>
  <testcase name="testAssert" time="0.011" classname="TestNGAssertions"/>
</testsuite> <!-- TestNGAssertions -->
